var arr = [10,20,30,40,50,10,20,10,20,10];
undefined
var temp = [];
var search = 10;
for(var i = 0; i<arr.length; i++){
    if(arr[i]==search){
        temp.push(arr[i]);
    }
}
console.log(temp.length);
VM482:8 4
undefined
arr.filter(element=>element==10).length;
4
var w = [10,20,30];
undefined
var g =[...arr, ...w];
undefined
var d =arr.filter(element=>true);
undefined
arr;
(10) [10, 20, 30, 40, 50, 10, 20, 10, 20, 10]
d;
(10) [10, 20, 30, 40, 50, 10, 20, 10, 20, 10]
arr == d;
false
arr;
(10) [10, 20, 30, 40, 50, 10, 20, 10, 20, 10]
arr = arr.filter(e=>e!=10);
(6) [20, 30, 40, 50, 20, 20]
arr;
(6) [20, 30, 40, 50, 20, 20]
arr.forEach(e=>console.log(e));
VM1283:1 20
VM1283:1 30
VM1283:1 40
VM1283:1 50
VM1283:1 20
VM1283:1 20
undefined
arr.forEach((e,i)=>console.log(e,i));
VM1421:1 20 0
VM1421:1 30 1
VM1421:1 40 2
VM1421:1 50 3
VM1421:1 20 4
VM1421:1 20 5
undefined
arr.forEach((e,i, a)=>console.log(e,i,a));
VM1537:1 20 0 (6) [20, 30, 40, 50, 20, 20]
VM1537:1 30 1 (6) [20, 30, 40, 50, 20, 20]
VM1537:1 40 2 (6) [20, 30, 40, 50, 20, 20]
VM1537:1 50 3 (6) [20, 30, 40, 50, 20, 20]
VM1537:1 20 4 (6) [20, 30, 40, 50, 20, 20]
VM1537:1 20 5 (6) [20, 30, 40, 50, 20, 20]
undefined
arr.find(e=>e == 40);
40
arr.find(e=>e == 400);
undefined
arr.findIndex(e=>e == 40);
2
arr;
(6) [20, 30, 40, 50, 20, 20]
arr.findIndex(e=>e == 20);
0
arr.flat([10,[20,[30,40]]],3);
(6) [20, 30, 40, 50, 20, 20]
arr.flat
ƒ flat() { [native code] }
[10,[2],[30,[40]]].flat();
(4) [10, 2, 30, Array(1)]
[10,[2],[30,[40]]].flat(2);
(4) [10, 2, 30, 40]
[10,[2],[30,[40],[50,[60]]]].flat(2);
(6) [10, 2, 30, 40, 50, Array(1)]
[10,[2],[30,[40],[50,[60]]]].flat(3);
(6) [10, 2, 30, 40, 50, 60]
arr;
(6) [20, 30, 40, 50, 20, 20]
arr.sort((first, second)=>first - second);
(6) [20, 20, 20, 30, 40, 50]
arr;
(6) [20, 20, 20, 30, 40, 50]
