var a ;
undefined
typeof a;
'undefined'
a=100;
100
typeof a;
'number'
a=100.20;
100.2
typeof a;
'number'
a = 11000000;
11000000
typeof a;
'number'
a='Amit';
'Amit'
typeof a;
'string'
a = true;
true
typeof a;
'boolean'
a = 54366546;
54366546
typeof a;
'number'
a = Number.MAX_SAFE_INTEGER;
9007199254740991
a++;
9007199254740991
a++;
9007199254740992
a++;
9007199254740992
a++;
9007199254740992
a++;
9007199254740992
a++;
9007199254740992
a++;
9007199254740992
a = 9007199254740992n
9007199254740992n
typeof a;
'bigint'
a + 9007199254740992n + 9007199254740992n;
27021597764222976n
9007199254740992n + 53534;
VM456:1 Uncaught TypeError: Cannot mix BigInt and other types, use explicit conversions
    at <anonymous>:1:19
(anonymous) @ VM456:1
var arr = [10,20,30,40];
undefined
typeof arr;
'object'
arr.push(11);
5
arr;
(5) [10, 20, 30, 40, 11]
arr.pop();
11
arr;
(4) [10, 20, 30, 40]
arr.splice(1);
(3) [20, 30, 40]
arr;/
VM754:1 Uncaught SyntaxError: Invalid regular expression: missing /
arr;
[10]
arr = [1900,43254,5643,33232,111];;
(5) [1900, 43254, 5643, 33232, 111]
arr.splice(1,1);
[43254]
arr;
(4) [1900, 5643, 33232, 111]
arr = [1900,43254,5643,33232,111];;
(5) [1900, 43254, 5643, 33232, 111]
arr.splice(1,2);
(2) [43254, 5643]
arr = [1900,43254,5643,33232,111];;
(5) [1900, 43254, 5643, 33232, 111]
arr.splice(1,1,1000);
[43254]
arr;
(5) [1900, 1000, 5643, 33232, 111]
arr.splice(1,0,7000);
[]
arr;
(6) [1900, 7000, 1000, 5643, 33232, 111]
